📦 Running container to fetch data...
#0 building with "default" instance using docker driver

#1 [internal] load build definition from Dockerfile
#1 transferring dockerfile: 206B done
#1 DONE 0.0s

#2 [internal] load metadata for docker.io/library/python:3.11-slim
#2 DONE 1.0s

#3 [internal] load .dockerignore
#3 transferring context: 2B done
#3 DONE 0.0s

#4 [1/5] FROM docker.io/library/python:3.11-slim@sha256:dbf1de478a55d6763afaa39c2f3d7b54b25230614980276de5cacdde79529d0c
#4 DONE 0.0s

#5 [internal] load build context
#5 transferring context: 91B done
#5 DONE 0.0s

#6 [2/5] WORKDIR /app
#6 CACHED

#7 [3/5] COPY requirements.txt .
#7 CACHED

#8 [4/5] RUN pip install --no-cache-dir -r requirements.txt
#8 CACHED

#9 [5/5] COPY src/ ./src
#9 CACHED

#10 exporting to image
#10 exporting layers done
#10 writing image sha256:4ace9a951f0420f2e50d79e9f2f15c5143d88e93a576fcba2af01a12b85f5f46 done
#10 naming to docker.io/library/league-summary done
#10 DONE 0.0s
✅ league_summary.txt generated.
📤 Committing and pushing to GitHub...
[main a75fe83] 📊 Weekly update: Fri May 30 01:29:09 PM +07 2025
 1 file changed, 11 insertions(+), 1 deletion(-)
To github.com:phangiakhanh12/football-data.org-mu-spain.git
   96cefe2..a75fe83  main -> main
✅ All done!
